<?xml version="1.0" encoding="UTF-8"?>
<!-- Generated by org.testng.reporters.JUnitReportReporter -->
<testsuite skipped="1" hostname="LAPTOP-FUPUGUVK" name="com.training.sanity.tests.LoginTests" tests="2" failures="0" timestamp="08 May 2020 19:55:02 GMT" time="7.174" errors="0">
  <testcase name="validLoginTest" time="7.174" classname="com.training.sanity.tests.LoginTests"/>
  <testcase name="StudentRegister" classname="com.training.sanity.tests.LoginTests">
    <skipped/>
  </testcase> <!-- StudentRegister -->
</testsuite> <!-- com.training.sanity.tests.LoginTests -->
